<?xml version="1.0" encoding="UTF-8"?>
<!-- Generated by org.testng.reporters.JUnitReportReporter -->
<testsuite skipped="0" hostname="Keerthana" name="packageJenkins.Hello2" tests="1" failures="0" timestamp="14 Sep 2018 11:20:30 GMT" time="0.006" errors="0">
  <testcase name="hello" time="0.006" classname="packageJenkins.Hello2"/>
</testsuite> <!-- packageJenkins.Hello2 -->
