<?xml version="1.0" encoding="UTF-8"?>
<!-- Generated by org.testng.reporters.JUnitReportReporter -->
<testsuite skipped="0" hostname="Keerthana" name="packageJenkins.Hello" tests="1" failures="0" timestamp="14 Sep 2018 20:19:29 GMT" time="0.000" errors="0">
  <testcase name="hello" time="0.000" classname="packageJenkins.Hello"/>
</testsuite> <!-- packageJenkins.Hello -->
